<?xml version="1.0" encoding="UTF-8"?>
<!-- Generated by org.testng.reporters.JUnitXMLReporter -->
<testsuite ignored="0" hostname="DESKTOP-6EBHN51" failures="0" tests="4" name="Default test" time="17.274" errors="0" timestamp="23 Aug 2024 14:22:05 GMT">
  <testcase classname="TestPage.LoginTest" name="testSuccessfulLogin" time="3.613"/>
  <testcase classname="TestPage.LoginTest" name="testUnsuccessfulLogin" time="0.965"/>
  <testcase classname="TestPage.LoginTest" name="testLoginWithEmptyFields" time="3.683"/>
  <testcase classname="TestPage.LoginTest" name="testLoginWithSpecialCharacters" time="5.309"/>
</testsuite> <!-- Default test -->
