<?xml version="1.0" encoding="UTF-8"?>
<testng-results ignored="0" total="4" passed="4" failed="0" skipped="0">
  <reporter-output>
  </reporter-output>
  <suite started-at="2024-08-23T14:21:48Z" name="Default suite" finished-at="2024-08-23T14:22:05Z" duration-ms="17274">
    <groups>
    </groups>
    <test started-at="2024-08-23T14:21:48Z" name="Default test" finished-at="2024-08-23T14:22:05Z" duration-ms="17274">
      <class name="TestPage.LoginTest">
        <test-method is-config="true" signature="setup()[pri:0, instance:TestPage.LoginTest@70ed52de]" started-at="2024-08-23T19:51:48Z" name="setup" finished-at="2024-08-23T19:51:51Z" duration-ms="3402" status="PASS">
          <reporter-output>
          </reporter-output>
        </test-method> <!-- setup -->
        <test-method signature="testSuccessfulLogin()[pri:1, instance:TestPage.LoginTest@70ed52de]" started-at="2024-08-23T19:51:51Z" name="testSuccessfulLogin" finished-at="2024-08-23T19:51:55Z" duration-ms="3613" status="PASS">
          <reporter-output>
          </reporter-output>
        </test-method> <!-- testSuccessfulLogin -->
        <test-method signature="testUnsuccessfulLogin()[pri:2, instance:TestPage.LoginTest@70ed52de]" started-at="2024-08-23T19:51:55Z" name="testUnsuccessfulLogin" finished-at="2024-08-23T19:51:56Z" duration-ms="965" status="PASS">
          <reporter-output>
          </reporter-output>
        </test-method> <!-- testUnsuccessfulLogin -->
        <test-method signature="testLoginWithEmptyFields()[pri:3, instance:TestPage.LoginTest@70ed52de]" started-at="2024-08-23T19:51:56Z" name="testLoginWithEmptyFields" finished-at="2024-08-23T19:51:59Z" duration-ms="3683" status="PASS">
          <reporter-output>
          </reporter-output>
        </test-method> <!-- testLoginWithEmptyFields -->
        <test-method signature="testLoginWithSpecialCharacters()[pri:4, instance:TestPage.LoginTest@70ed52de]" started-at="2024-08-23T19:51:59Z" name="testLoginWithSpecialCharacters" finished-at="2024-08-23T19:52:05Z" duration-ms="5309" status="PASS">
          <reporter-output>
          </reporter-output>
        </test-method> <!-- testLoginWithSpecialCharacters -->
        <test-method is-config="true" signature="teardown()[pri:0, instance:TestPage.LoginTest@70ed52de]" started-at="2024-08-23T19:52:05Z" name="teardown" finished-at="2024-08-23T19:52:05Z" duration-ms="275" status="PASS">
          <reporter-output>
          </reporter-output>
        </test-method> <!-- teardown -->
      </class> <!-- TestPage.LoginTest -->
    </test> <!-- Default test -->
  </suite> <!-- Default suite -->
</testng-results>
